<?xml version="1.0" encoding="UTF-8"?>
<testng-results skipped="0" failed="0" total="2" passed="2">
  <reporter-output>
  </reporter-output>
  <suite name="Default suite" duration-ms="3016" started-at="2019-11-03T04:48:25Z" finished-at="2019-11-03T04:48:28Z">
    <groups>
    </groups>
    <test name="Default test" duration-ms="3016" started-at="2019-11-03T04:48:25Z" finished-at="2019-11-03T04:48:28Z">
      <class name="com.googledrive.files.FilesTestCases">
        <test-method status="PASS" signature="getAllFiles()[pri:0, instance:com.googledrive.files.FilesTestCases@72e5a8e]" name="getAllFiles" duration-ms="1470" started-at="2019-11-03T00:48:25Z" finished-at="2019-11-03T00:48:26Z">
          <reporter-output>
          </reporter-output>
        </test-method> <!-- getAllFiles -->
        <test-method status="PASS" signature="getAllFiles_get_files_and_then_get_first_file()[pri:0, instance:com.googledrive.files.FilesTestCases@72e5a8e]" name="getAllFiles_get_files_and_then_get_first_file" duration-ms="1528" started-at="2019-11-03T00:48:26Z" finished-at="2019-11-03T00:48:28Z">
          <reporter-output>
          </reporter-output>
        </test-method> <!-- getAllFiles_get_files_and_then_get_first_file -->
      </class> <!-- com.googledrive.files.FilesTestCases -->
    </test> <!-- Default test -->
  </suite> <!-- Default suite -->
</testng-results>
